<?xml version="1.0" encoding="UTF-8"?>
<testsuite name="ClockShould" tests="3" skipped="0" failures="0" errors="0" timestamp="2022-02-10T13:29:50" hostname="Octavios-MacBook-Pro.local" time="0.003">
  <properties/>
  <testcase name="return noon daytime in the night()" classname="ClockShould" time="0.0"/>
  <testcase name="return afternoon daytime in the afternoon()" classname="ClockShould" time="0.0"/>
  <testcase name="return morning daytime in the morning()" classname="ClockShould" time="0.001"/>
  <system-out><![CDATA[]]></system-out>
  <system-err><![CDATA[]]></system-err>
</testsuite>
