<?xml version="1.0" encoding="UTF-8"?>
<testsuite name="OhceAcceptance" tests="1" skipped="0" failures="0" errors="0" timestamp="2022-02-10T13:29:50" hostname="Octavios-MacBook-Pro.local" time="0.043">
  <properties/>
  <testcase name="testOhceAcceptance()" classname="OhceAcceptance" time="0.043"/>
  <system-out><![CDATA[]]></system-out>
  <system-err><![CDATA[]]></system-err>
</testsuite>
