<?xml version="1.0" encoding="UTF-8"?>
<testsuite name="ClockTest" tests="1" skipped="0" failures="0" errors="0" timestamp="2022-02-09T23:09:08" hostname="Octavios-MacBook-Pro.local" time="0.001">
  <properties/>
  <testcase name="testMorningDaytime()" classname="ClockTest" time="0.001"/>
  <system-out><![CDATA[]]></system-out>
  <system-err><![CDATA[]]></system-err>
</testsuite>
