<?xml version="1.0" encoding="UTF-8"?>
<testsuite name="OhceAcceptance" tests="1" skipped="0" failures="0" errors="0" timestamp="2022-02-09T23:09:08" hostname="Octavios-MacBook-Pro.local" time="0.042">
  <properties/>
  <testcase name="testOhceAcceptance()" classname="OhceAcceptance" time="0.042"/>
  <system-out><![CDATA[]]></system-out>
  <system-err><![CDATA[]]></system-err>
</testsuite>
